2023-09-12 13:38:55,456 - DEBUG - This is a debug message 0
2023-09-12 13:38:55,456 - INFO - This is an info message 0
2023-09-12 13:38:55,456 - WARNING - This is a warning message 0
2023-09-12 13:38:55,456 - ERROR - This is an error message 0
2023-09-12 13:38:55,456 - CRITICAL - This is a critical message 0
2023-09-12 13:38:55,457 - DEBUG - This is a debug message 1
2023-09-12 13:38:55,457 - INFO - This is an info message 1
2023-09-12 13:38:55,457 - WARNING - This is a warning message 1
2023-09-12 13:38:55,457 - ERROR - This is an error message 1
2023-09-12 13:38:55,457 - CRITICAL - This is a critical message 1
2023-09-12 13:38:55,457 - DEBUG - This is a debug message 2
2023-09-12 13:38:55,457 - INFO - This is an info message 2
2023-09-12 13:38:55,457 - WARNING - This is a warning message 2
2023-09-12 13:38:55,457 - ERROR - This is an error message 2
2023-09-12 13:38:55,457 - CRITICAL - This is a critical message 2
2023-09-12 13:38:55,457 - DEBUG - This is a debug message 3
2023-09-12 13:38:55,457 - INFO - This is an info message 3
2023-09-12 13:38:55,457 - WARNING - This is a warning message 3
2023-09-12 13:38:55,457 - ERROR - This is an error message 3
2023-09-12 13:38:55,458 - CRITICAL - This is a critical message 3
2023-09-12 13:38:55,458 - DEBUG - This is a debug message 4
2023-09-12 13:38:55,458 - INFO - This is an info message 4
2023-09-12 13:38:55,458 - WARNING - This is a warning message 4
2023-09-12 13:38:55,458 - ERROR - This is an error message 4
2023-09-12 13:38:55,458 - CRITICAL - This is a critical message 4
2023-09-12 13:38:55,458 - DEBUG - This is a debug message 5
2023-09-12 13:38:55,458 - INFO - This is an info message 5
2023-09-12 13:38:55,458 - WARNING - This is a warning message 5
2023-09-12 13:38:55,458 - ERROR - This is an error message 5
2023-09-12 13:38:55,458 - CRITICAL - This is a critical message 5
2023-09-12 13:38:55,458 - DEBUG - This is a debug message 6
2023-09-12 13:38:55,458 - INFO - This is an info message 6
2023-09-12 13:38:55,458 - WARNING - This is a warning message 6
2023-09-12 13:38:55,458 - ERROR - This is an error message 6
2023-09-12 13:38:55,459 - CRITICAL - This is a critical message 6
2023-09-12 13:38:55,459 - DEBUG - This is a debug message 7
2023-09-12 13:38:55,459 - INFO - This is an info message 7
2023-09-12 13:38:55,459 - WARNING - This is a warning message 7
2023-09-12 13:38:55,459 - ERROR - This is an error message 7
2023-09-12 13:38:55,459 - CRITICAL - This is a critical message 7
2023-09-12 13:38:55,459 - DEBUG - This is a debug message 8
2023-09-12 13:38:55,459 - INFO - This is an info message 8
2023-09-12 13:38:55,459 - WARNING - This is a warning message 8
2023-09-12 13:38:55,459 - ERROR - This is an error message 8
2023-09-12 13:38:55,459 - CRITICAL - This is a critical message 8
2023-09-12 13:38:55,459 - DEBUG - This is a debug message 9
2023-09-12 13:38:55,459 - INFO - This is an info message 9
2023-09-12 13:38:55,459 - WARNING - This is a warning message 9
2023-09-12 13:38:55,459 - ERROR - This is an error message 9
2023-09-12 13:38:55,459 - CRITICAL - This is a critical message 9
2023-09-12 13:39:18,457 - DEBUG - This is a debug message 0
2023-09-12 13:39:18,457 - DEBUG - This is a debug message 0
2023-09-12 13:39:18,457 - INFO - This is an info message 0
2023-09-12 13:39:18,457 - INFO - This is an info message 0
2023-09-12 13:39:18,457 - WARNING - This is a warning message 0
2023-09-12 13:39:18,457 - WARNING - This is a warning message 0
2023-09-12 13:39:18,457 - ERROR - This is an error message 0
2023-09-12 13:39:18,457 - ERROR - This is an error message 0
2023-09-12 13:39:18,457 - CRITICAL - This is a critical message 0
2023-09-12 13:39:18,457 - CRITICAL - This is a critical message 0
2023-09-12 13:39:18,457 - DEBUG - This is a debug message 1
2023-09-12 13:39:18,457 - DEBUG - This is a debug message 1
2023-09-12 13:39:18,457 - INFO - This is an info message 1
2023-09-12 13:39:18,457 - INFO - This is an info message 1
2023-09-12 13:39:18,458 - WARNING - This is a warning message 1
2023-09-12 13:39:18,458 - WARNING - This is a warning message 1
2023-09-12 13:39:18,458 - ERROR - This is an error message 1
2023-09-12 13:39:18,458 - ERROR - This is an error message 1
2023-09-12 13:39:18,458 - CRITICAL - This is a critical message 1
2023-09-12 13:39:18,458 - CRITICAL - This is a critical message 1
2023-09-12 13:39:18,458 - DEBUG - This is a debug message 2
2023-09-12 13:39:18,458 - DEBUG - This is a debug message 2
2023-09-12 13:39:18,458 - INFO - This is an info message 2
2023-09-12 13:39:18,458 - INFO - This is an info message 2
2023-09-12 13:39:18,458 - WARNING - This is a warning message 2
2023-09-12 13:39:18,458 - WARNING - This is a warning message 2
2023-09-12 13:39:18,458 - ERROR - This is an error message 2
2023-09-12 13:39:18,458 - ERROR - This is an error message 2
2023-09-12 13:39:18,459 - CRITICAL - This is a critical message 2
2023-09-12 13:39:18,459 - CRITICAL - This is a critical message 2
2023-09-12 13:39:18,459 - DEBUG - This is a debug message 3
2023-09-12 13:39:18,459 - DEBUG - This is a debug message 3
2023-09-12 13:39:18,459 - INFO - This is an info message 3
2023-09-12 13:39:18,459 - INFO - This is an info message 3
2023-09-12 13:39:18,459 - WARNING - This is a warning message 3
2023-09-12 13:39:18,459 - WARNING - This is a warning message 3
2023-09-12 13:39:18,459 - ERROR - This is an error message 3
2023-09-12 13:39:18,459 - ERROR - This is an error message 3
2023-09-12 13:39:18,459 - CRITICAL - This is a critical message 3
2023-09-12 13:39:18,459 - CRITICAL - This is a critical message 3
2023-09-12 13:39:18,459 - DEBUG - This is a debug message 4
2023-09-12 13:39:18,459 - DEBUG - This is a debug message 4
2023-09-12 13:39:18,459 - INFO - This is an info message 4
2023-09-12 13:39:18,459 - INFO - This is an info message 4
2023-09-12 13:39:18,460 - WARNING - This is a warning message 4
2023-09-12 13:39:18,460 - WARNING - This is a warning message 4
2023-09-12 13:39:18,460 - ERROR - This is an error message 4
2023-09-12 13:39:18,460 - ERROR - This is an error message 4
2023-09-12 13:39:18,460 - CRITICAL - This is a critical message 4
2023-09-12 13:39:18,460 - CRITICAL - This is a critical message 4
2023-09-12 13:39:18,460 - DEBUG - This is a debug message 5
2023-09-12 13:39:18,460 - DEBUG - This is a debug message 5
2023-09-12 13:39:18,460 - INFO - This is an info message 5
2023-09-12 13:39:18,460 - INFO - This is an info message 5
2023-09-12 13:39:18,460 - WARNING - This is a warning message 5
2023-09-12 13:39:18,460 - WARNING - This is a warning message 5
2023-09-12 13:39:18,460 - ERROR - This is an error message 5
2023-09-12 13:39:18,460 - ERROR - This is an error message 5
2023-09-12 13:39:18,460 - CRITICAL - This is a critical message 5
2023-09-12 13:39:18,460 - CRITICAL - This is a critical message 5
2023-09-12 13:39:18,460 - DEBUG - This is a debug message 6
2023-09-12 13:39:18,460 - DEBUG - This is a debug message 6
2023-09-12 13:39:18,461 - INFO - This is an info message 6
2023-09-12 13:39:18,461 - INFO - This is an info message 6
2023-09-12 13:39:18,461 - WARNING - This is a warning message 6
2023-09-12 13:39:18,461 - WARNING - This is a warning message 6
2023-09-12 13:39:18,461 - ERROR - This is an error message 6
2023-09-12 13:39:18,461 - ERROR - This is an error message 6
2023-09-12 13:39:18,461 - CRITICAL - This is a critical message 6
2023-09-12 13:39:18,461 - CRITICAL - This is a critical message 6
2023-09-12 13:39:18,461 - DEBUG - This is a debug message 7
2023-09-12 13:39:18,461 - DEBUG - This is a debug message 7
2023-09-12 13:39:18,461 - INFO - This is an info message 7
2023-09-12 13:39:18,461 - INFO - This is an info message 7
2023-09-12 13:39:18,461 - WARNING - This is a warning message 7
2023-09-12 13:39:18,461 - WARNING - This is a warning message 7
2023-09-12 13:39:18,461 - ERROR - This is an error message 7
2023-09-12 13:39:18,461 - ERROR - This is an error message 7
2023-09-12 13:39:18,461 - CRITICAL - This is a critical message 7
2023-09-12 13:39:18,461 - CRITICAL - This is a critical message 7
2023-09-12 13:39:18,462 - DEBUG - This is a debug message 8
2023-09-12 13:39:18,462 - DEBUG - This is a debug message 8
2023-09-12 13:39:18,462 - INFO - This is an info message 8
2023-09-12 13:39:18,462 - INFO - This is an info message 8
2023-09-12 13:39:18,462 - WARNING - This is a warning message 8
2023-09-12 13:39:18,462 - WARNING - This is a warning message 8
2023-09-12 13:39:18,462 - ERROR - This is an error message 8
2023-09-12 13:39:18,462 - ERROR - This is an error message 8
2023-09-12 13:39:18,462 - CRITICAL - This is a critical message 8
2023-09-12 13:39:18,462 - CRITICAL - This is a critical message 8
2023-09-12 13:39:18,462 - DEBUG - This is a debug message 9
2023-09-12 13:39:18,462 - DEBUG - This is a debug message 9
2023-09-12 13:39:18,462 - INFO - This is an info message 9
2023-09-12 13:39:18,462 - INFO - This is an info message 9
2023-09-12 13:39:18,462 - WARNING - This is a warning message 9
2023-09-12 13:39:18,462 - WARNING - This is a warning message 9
2023-09-12 13:39:18,463 - ERROR - This is an error message 9
2023-09-12 13:39:18,463 - ERROR - This is an error message 9
2023-09-12 13:39:18,463 - CRITICAL - This is a critical message 9
2023-09-12 13:39:18,463 - CRITICAL - This is a critical message 9
2023-09-12 13:39:25,548 - DEBUG - This is a debug message 0
2023-09-12 13:39:25,548 - DEBUG - This is a debug message 0
2023-09-12 13:39:25,548 - DEBUG - This is a debug message 0
2023-09-12 13:39:25,548 - INFO - This is an info message 0
2023-09-12 13:39:25,548 - INFO - This is an info message 0
2023-09-12 13:39:25,548 - INFO - This is an info message 0
2023-09-12 13:39:25,548 - WARNING - This is a warning message 0
2023-09-12 13:39:25,548 - WARNING - This is a warning message 0
2023-09-12 13:39:25,548 - WARNING - This is a warning message 0
2023-09-12 13:39:25,548 - ERROR - This is an error message 0
2023-09-12 13:39:25,548 - ERROR - This is an error message 0
2023-09-12 13:39:25,548 - ERROR - This is an error message 0
2023-09-12 13:39:25,549 - CRITICAL - This is a critical message 0
2023-09-12 13:39:25,549 - CRITICAL - This is a critical message 0
2023-09-12 13:39:25,549 - CRITICAL - This is a critical message 0
2023-09-12 13:39:25,549 - DEBUG - This is a debug message 1
2023-09-12 13:39:25,549 - DEBUG - This is a debug message 1
2023-09-12 13:39:25,549 - DEBUG - This is a debug message 1
2023-09-12 13:39:25,549 - INFO - This is an info message 1
2023-09-12 13:39:25,549 - INFO - This is an info message 1
2023-09-12 13:39:25,549 - INFO - This is an info message 1
2023-09-12 13:39:25,549 - WARNING - This is a warning message 1
2023-09-12 13:39:25,549 - WARNING - This is a warning message 1
2023-09-12 13:39:25,549 - WARNING - This is a warning message 1
2023-09-12 13:39:25,549 - ERROR - This is an error message 1
2023-09-12 13:39:25,549 - ERROR - This is an error message 1
2023-09-12 13:39:25,549 - ERROR - This is an error message 1
2023-09-12 13:39:25,550 - CRITICAL - This is a critical message 1
2023-09-12 13:39:25,550 - CRITICAL - This is a critical message 1
2023-09-12 13:39:25,550 - CRITICAL - This is a critical message 1
2023-09-12 13:39:25,550 - DEBUG - This is a debug message 2
2023-09-12 13:39:25,550 - DEBUG - This is a debug message 2
2023-09-12 13:39:25,550 - DEBUG - This is a debug message 2
2023-09-12 13:39:25,550 - INFO - This is an info message 2
2023-09-12 13:39:25,550 - INFO - This is an info message 2
2023-09-12 13:39:25,550 - INFO - This is an info message 2
2023-09-12 13:39:25,550 - WARNING - This is a warning message 2
2023-09-12 13:39:25,550 - WARNING - This is a warning message 2
2023-09-12 13:39:25,550 - WARNING - This is a warning message 2
2023-09-12 13:39:25,550 - ERROR - This is an error message 2
2023-09-12 13:39:25,550 - ERROR - This is an error message 2
2023-09-12 13:39:25,550 - ERROR - This is an error message 2
2023-09-12 13:39:25,551 - CRITICAL - This is a critical message 2
2023-09-12 13:39:25,551 - CRITICAL - This is a critical message 2
2023-09-12 13:39:25,551 - CRITICAL - This is a critical message 2
2023-09-12 13:39:25,551 - DEBUG - This is a debug message 3
2023-09-12 13:39:25,551 - DEBUG - This is a debug message 3
2023-09-12 13:39:25,551 - DEBUG - This is a debug message 3
2023-09-12 13:39:25,551 - INFO - This is an info message 3
2023-09-12 13:39:25,551 - INFO - This is an info message 3
2023-09-12 13:39:25,551 - INFO - This is an info message 3
2023-09-12 13:39:25,551 - WARNING - This is a warning message 3
2023-09-12 13:39:25,551 - WARNING - This is a warning message 3
2023-09-12 13:39:25,551 - WARNING - This is a warning message 3
2023-09-12 13:39:25,551 - ERROR - This is an error message 3
2023-09-12 13:39:25,551 - ERROR - This is an error message 3
2023-09-12 13:39:25,551 - ERROR - This is an error message 3
2023-09-12 13:39:25,552 - CRITICAL - This is a critical message 3
2023-09-12 13:39:25,552 - CRITICAL - This is a critical message 3
2023-09-12 13:39:25,552 - CRITICAL - This is a critical message 3
2023-09-12 13:39:25,552 - DEBUG - This is a debug message 4
2023-09-12 13:39:25,552 - DEBUG - This is a debug message 4
2023-09-12 13:39:25,552 - DEBUG - This is a debug message 4
2023-09-12 13:39:25,552 - INFO - This is an info message 4
2023-09-12 13:39:25,552 - INFO - This is an info message 4
2023-09-12 13:39:25,552 - INFO - This is an info message 4
2023-09-12 13:39:25,552 - WARNING - This is a warning message 4
2023-09-12 13:39:25,552 - WARNING - This is a warning message 4
2023-09-12 13:39:25,552 - WARNING - This is a warning message 4
2023-09-12 13:39:25,552 - ERROR - This is an error message 4
2023-09-12 13:39:25,552 - ERROR - This is an error message 4
2023-09-12 13:39:25,552 - ERROR - This is an error message 4
2023-09-12 13:39:25,553 - CRITICAL - This is a critical message 4
2023-09-12 13:39:25,553 - CRITICAL - This is a critical message 4
2023-09-12 13:39:25,553 - CRITICAL - This is a critical message 4
2023-09-12 13:39:25,553 - DEBUG - This is a debug message 5
2023-09-12 13:39:25,553 - DEBUG - This is a debug message 5
2023-09-12 13:39:25,553 - DEBUG - This is a debug message 5
2023-09-12 13:39:25,553 - INFO - This is an info message 5
2023-09-12 13:39:25,553 - INFO - This is an info message 5
2023-09-12 13:39:25,553 - INFO - This is an info message 5
2023-09-12 13:39:25,553 - WARNING - This is a warning message 5
2023-09-12 13:39:25,553 - WARNING - This is a warning message 5
2023-09-12 13:39:25,553 - WARNING - This is a warning message 5
2023-09-12 13:39:25,553 - ERROR - This is an error message 5
2023-09-12 13:39:25,553 - ERROR - This is an error message 5
2023-09-12 13:39:25,553 - ERROR - This is an error message 5
2023-09-12 13:39:25,554 - CRITICAL - This is a critical message 5
2023-09-12 13:39:25,554 - CRITICAL - This is a critical message 5
2023-09-12 13:39:25,554 - CRITICAL - This is a critical message 5
2023-09-12 13:39:25,554 - DEBUG - This is a debug message 6
2023-09-12 13:39:25,554 - DEBUG - This is a debug message 6
2023-09-12 13:39:25,554 - DEBUG - This is a debug message 6
2023-09-12 13:39:25,554 - INFO - This is an info message 6
2023-09-12 13:39:25,554 - INFO - This is an info message 6
2023-09-12 13:39:25,554 - INFO - This is an info message 6
2023-09-12 13:39:25,554 - WARNING - This is a warning message 6
2023-09-12 13:39:25,554 - WARNING - This is a warning message 6
2023-09-12 13:39:25,554 - WARNING - This is a warning message 6
2023-09-12 13:39:25,554 - ERROR - This is an error message 6
2023-09-12 13:39:25,554 - ERROR - This is an error message 6
2023-09-12 13:39:25,554 - ERROR - This is an error message 6
2023-09-12 13:39:25,555 - CRITICAL - This is a critical message 6
2023-09-12 13:39:25,555 - CRITICAL - This is a critical message 6
2023-09-12 13:39:25,555 - CRITICAL - This is a critical message 6
2023-09-12 13:39:25,555 - DEBUG - This is a debug message 7
2023-09-12 13:39:25,555 - DEBUG - This is a debug message 7
2023-09-12 13:39:25,555 - DEBUG - This is a debug message 7
2023-09-12 13:39:25,555 - INFO - This is an info message 7
2023-09-12 13:39:25,555 - INFO - This is an info message 7
2023-09-12 13:39:25,555 - INFO - This is an info message 7
2023-09-12 13:39:25,555 - WARNING - This is a warning message 7
2023-09-12 13:39:25,555 - WARNING - This is a warning message 7
2023-09-12 13:39:25,555 - WARNING - This is a warning message 7
2023-09-12 13:39:25,555 - ERROR - This is an error message 7
2023-09-12 13:39:25,555 - ERROR - This is an error message 7
2023-09-12 13:39:25,555 - ERROR - This is an error message 7
2023-09-12 13:39:25,556 - CRITICAL - This is a critical message 7
2023-09-12 13:39:25,556 - CRITICAL - This is a critical message 7
2023-09-12 13:39:25,556 - CRITICAL - This is a critical message 7
2023-09-12 13:39:25,556 - DEBUG - This is a debug message 8
2023-09-12 13:39:25,556 - DEBUG - This is a debug message 8
2023-09-12 13:39:25,556 - DEBUG - This is a debug message 8
2023-09-12 13:39:25,556 - INFO - This is an info message 8
2023-09-12 13:39:25,556 - INFO - This is an info message 8
2023-09-12 13:39:25,556 - INFO - This is an info message 8
2023-09-12 13:39:25,556 - WARNING - This is a warning message 8
2023-09-12 13:39:25,556 - WARNING - This is a warning message 8
2023-09-12 13:39:25,556 - WARNING - This is a warning message 8
2023-09-12 13:39:25,556 - ERROR - This is an error message 8
2023-09-12 13:39:25,556 - ERROR - This is an error message 8
2023-09-12 13:39:25,556 - ERROR - This is an error message 8
2023-09-12 13:39:25,557 - CRITICAL - This is a critical message 8
2023-09-12 13:39:25,557 - CRITICAL - This is a critical message 8
2023-09-12 13:39:25,557 - CRITICAL - This is a critical message 8
2023-09-12 13:39:25,557 - DEBUG - This is a debug message 9
2023-09-12 13:39:25,557 - DEBUG - This is a debug message 9
2023-09-12 13:39:25,557 - DEBUG - This is a debug message 9
2023-09-12 13:39:25,557 - INFO - This is an info message 9
2023-09-12 13:39:25,557 - INFO - This is an info message 9
2023-09-12 13:39:25,557 - INFO - This is an info message 9
2023-09-12 13:39:25,557 - WARNING - This is a warning message 9
2023-09-12 13:39:25,557 - WARNING - This is a warning message 9
2023-09-12 13:39:25,557 - WARNING - This is a warning message 9
2023-09-12 13:39:25,557 - ERROR - This is an error message 9
2023-09-12 13:39:25,557 - ERROR - This is an error message 9
2023-09-12 13:39:25,557 - ERROR - This is an error message 9
2023-09-12 13:39:25,558 - CRITICAL - This is a critical message 9
2023-09-12 13:39:25,558 - CRITICAL - This is a critical message 9
2023-09-12 13:39:25,558 - CRITICAL - This is a critical message 9
2023-09-12 13:58:19,471 - INFO - Error: Error no data filtered! --- Line 27 File /home/jazzley/Documents/Assesment/ABN_Amro_Exercise/src/flask/api.py
2023-09-12 13:59:09,743 - INFO - Error: Error no data filtered! --- Line 27 File /home/jazzley/Documents/Assesment/ABN_Amro_Exercise/src/flask/api.py
2023-09-12 14:00:04,183 - ERROR - Error: Error no data filtered! --- Line 27 File /home/jazzley/Documents/Assesment/ABN_Amro_Exercise/src/flask/api.py
2023-09-12 14:00:45,545 - ERROR - No data filtered! --- Line 27 File /home/jazzley/Documents/Assesment/ABN_Amro_Exercise/src/flask/api.py
2023-09-12 14:02:05,497 - ERROR - No data filtered! --- Line 27 File /home/jazzley/Documents/Assesment/ABN_Amro_Exercise/src/flask/api.py
2023-09-12 14:03:52,891 - INFO - Info: Get request filtered_client_data
